
> taskbox@0.2.0 build-storybook
> ng run taskbox:build-storybook --output-dir /var/folders/gn/tg67cv612ll84k_04wyhb4l80000gn/T/chromatic--83873-W15Hl3JiNP00

[0m
[0m [0m [0m [0m [0m [0m [0m [0m [0m [0m [0m [0m [0m [0m [0m [0m [0m [0m [0m [0m [0m [0m [0m [0m [0m [0m [0m [0m [0m [0m [0m [0m [0m [0m [0m [0m [0m [0m [0m [0m [0m [0m [0m [0m [0m [0m [0m [0m [0m [0m [0m [0m [0m [0m [0m [0m [0m [0m [0m [48;5;255m [48;5;255m [0m [0m [0m [0m [0m [0m [0m [0m [0m [0m [0m [0m
[0m [0m [0m [0m [0m [0m [0m [0m [0m [0m [0m [0m [0m [0m [0m [0m [0m [0m [0m [0m [0m [0m [0m [0m [0m [0m [0m [0m [0m [0m [0m [0m [0m [0m [0m [0m [0m [0m [0m [0m [0m [0m [0m [0m [0m [0m [0m [0m [0m [0m [0m [0m [0m [0m [0m [0m [0m [0m [0m [48;5;255m [48;5;255m [0m [0m [0m [0m [0m [0m [0m [0m [0m [0m [0m [0m
[0m [0m [0m [0m [0m [0m [0m [0m [0m [0m [0m [0m [0m [0m [0m [0m [0m [0m [0m [0m [0m [0m [0m [0m [0m [0m [0m [0m [0m [0m [0m [0m [0m [0m [0m [0m [0m [0m [0m [0m [0m [0m [0m [0m [0m [0m [0m [0m [0m [0m [0m [0m [0m [0m [0m [0m [0m [0m [0m [48;5;255m [48;5;255m [0m [0m [0m [0m [0m [0m [0m [0m [0m [0m [0m [0m
[48;5;255m [48;5;255m [48;5;255m [48;5;255m [48;5;255m [48;5;255m [48;5;255m [0m [0m [48;5;255m [48;5;255m [48;5;255m [48;5;255m [48;5;255m [48;5;255m [48;5;255m [48;5;255m [0m [0m [48;5;255m [48;5;255m [48;5;255m [48;5;255m [48;5;255m [48;5;255m [48;5;255m [48;5;255m [48;5;255m [48;5;255m [48;5;255m [48;5;255m [0m [0m [48;5;255m [48;5;255m [48;5;255m [48;5;255m [48;5;255m [48;5;255m [48;5;255m [48;5;255m [0m [0m [48;5;255m [48;5;255m [48;5;255m [48;5;255m [48;5;255m [48;5;255m [48;5;255m [48;5;255m [0m [0m [48;5;255m [48;5;255m [48;5;255m [48;5;255m [48;5;255m [48;5;255m [48;5;255m [48;5;255m [0m [0m [48;5;255m [48;5;255m [48;5;255m [48;5;255m [48;5;255m [48;5;255m [48;5;255m [48;5;255m [0m [0m [48;5;255m [48;5;255m [48;5;255m [48;5;255m [48;5;255m [48;5;255m [48;5;255m [48;5;255m [0m
[48;5;255m [48;5;255m [0m [0m [0m [0m [0m [0m [0m [48;5;255m [48;5;255m [0m [0m [0m [0m [48;5;255m [48;5;255m [0m [0m [48;5;255m [48;5;255m [0m [0m [0m [48;5;255m [48;5;255m [0m [0m [0m [48;5;255m [48;5;255m [0m [0m [48;5;255m [48;5;255m [0m [0m [0m [0m [48;5;255m [48;5;255m [0m [0m [48;5;255m [48;5;255m [0m [0m [0m [0m [48;5;255m [48;5;255m [0m [0m [48;5;255m [48;5;255m [0m [0m [0m [0m [48;5;255m [48;5;255m [0m [0m [48;5;255m [48;5;255m [0m [0m [0m [0m [48;5;255m [48;5;255m [0m [0m [48;5;255m [48;5;255m [0m
[48;5;255m [48;5;255m [0m [0m [0m [0m [0m [0m [0m [48;5;255m [48;5;255m [0m [0m [0m [0m [48;5;255m [48;5;255m [0m [0m [48;5;255m [48;5;255m [0m [0m [0m [48;5;255m [48;5;255m [0m [0m [0m [48;5;255m [48;5;255m [0m [0m [48;5;255m [48;5;255m [0m [0m [0m [0m [48;5;255m [48;5;255m [0m [0m [48;5;255m [48;5;255m [0m [0m [0m [0m [48;5;255m [48;5;255m [0m [0m [48;5;255m [48;5;255m [0m [0m [0m [0m [48;5;255m [48;5;255m [0m [0m [48;5;255m [48;5;255m [0m [0m [0m [0m [48;5;255m [48;5;255m [0m [0m [48;5;255m [48;5;255m [0m
[48;5;255m [48;5;255m [0m [0m [0m [0m [0m [0m [0m [48;5;255m [48;5;255m [0m [0m [0m [0m [48;5;255m [48;5;255m [0m [0m [48;5;255m [48;5;255m [0m [0m [0m [48;5;255m [48;5;255m [0m [0m [0m [48;5;255m [48;5;255m [0m [0m [48;5;255m [48;5;255m [0m [0m [0m [0m [48;5;255m [48;5;255m [0m [0m [48;5;255m [48;5;255m [0m [0m [0m [0m [48;5;255m [48;5;255m [0m [0m [48;5;255m [48;5;255m [0m [0m [0m [0m [48;5;255m [48;5;255m [0m [0m [48;5;255m [48;5;255m [0m [0m [0m [0m [48;5;255m [48;5;255m [0m [0m [48;5;255m [48;5;255m [0m
[48;5;255m [48;5;255m [48;5;255m [48;5;255m [48;5;255m [48;5;255m [48;5;255m [0m [0m [48;5;255m [48;5;255m [48;5;255m [48;5;255m [48;5;255m [48;5;255m [48;5;255m [48;5;255m [0m [0m [48;5;255m [48;5;255m [0m [0m [0m [48;5;255m [48;5;255m [0m [0m [0m [48;5;255m [48;5;255m [0m [0m [48;5;255m [48;5;255m [48;5;255m [48;5;255m [48;5;255m [48;5;255m [48;5;255m [48;5;255m [0m [0m [48;5;255m [48;5;255m [48;5;255m [48;5;255m [48;5;255m [48;5;255m [48;5;255m [48;5;255m [0m [0m [48;5;255m [48;5;255m [48;5;255m [48;5;255m [48;5;255m [48;5;255m [48;5;255m [48;5;255m [0m [0m [48;5;255m [48;5;255m [48;5;255m [48;5;255m [48;5;255m [48;5;255m [48;5;255m [48;5;255m [0m [0m [48;5;255m [48;5;255m [48;5;255m [48;5;255m [48;5;255m [48;5;255m [48;5;255m [48;5;255m [0m
[0m [0m [0m [0m [0m [0m [0m [0m [0m [0m [0m [0m [0m [0m [0m [0m [0m [0m [0m [0m [0m [0m [0m [0m [0m [0m [0m [0m [0m [0m [0m [0m [0m [48;5;255m [48;5;255m [0m [0m [0m [0m [0m [0m [0m [0m [0m [0m [0m [0m
[0m [0m [0m [0m [0m [0m [0m [0m [0m [0m [0m [0m [0m [0m [0m [0m [0m [0m [0m [0m [0m [0m [0m [0m [0m [0m [0m [0m [0m [0m [0m [0m [0m [48;5;255m [48;5;255m [0m [0m [0m [0m [0m [0m [0m [0m [0m [0m [0m [0m
[0m [0m [0m [0m [0m [0m [0m [0m [0m [0m [0m [0m [0m [0m [0m [0m [0m [0m [0m [0m [0m [0m [0m [0m [0m [0m [0m [0m [0m [0m [0m [0m [0m [48;5;255m [48;5;255m [0m [0m [0m [0m [0m [0m [0m [0m [0m [0m [0m [0m

1.1.23

TypeScript version used by Compodoc : 5.2.2

TypeScript version of current project : 5.2.2

Node.js version : v18.17.0

Operating system : macOS Unknown

[12:13:41] No configuration file found, switching to CLI flags.
[12:13:41] Using tsconfig file : /Users/joheiss/dev/tutorials/storybook/ng17-sb-taskbox/.storybook/tsconfig.json
[12:13:41] Including      : /Users/joheiss/dev/tutorials/storybook/ng17-sb-taskbox/.storybook/preview.ts
[12:13:41] Excluding      : /Users/joheiss/dev/tutorials/storybook/ng17-sb-taskbox/src/favicon.ico
[12:13:41] Excluding      : /Users/joheiss/dev/tutorials/storybook/ng17-sb-taskbox/src/index.html
[12:13:41] Including      : /Users/joheiss/dev/tutorials/storybook/ng17-sb-taskbox/src/main.ts
[12:13:41] Including      : /Users/joheiss/dev/tutorials/storybook/ng17-sb-taskbox/src/polyfills.ts
[12:13:41] Excluding      : /Users/joheiss/dev/tutorials/storybook/ng17-sb-taskbox/src/styles.css
[12:13:41] Excluding      : /Users/joheiss/dev/tutorials/storybook/ng17-sb-taskbox/src/app/app.component.css
[12:13:41] Excluding      : /Users/joheiss/dev/tutorials/storybook/ng17-sb-taskbox/src/app/app.component.html
[12:13:41] Including      : /Users/joheiss/dev/tutorials/storybook/ng17-sb-taskbox/src/app/app.component.ts
[12:13:41] Including      : /Users/joheiss/dev/tutorials/storybook/ng17-sb-taskbox/src/environments/environment.prod.ts
[12:13:41] Including      : /Users/joheiss/dev/tutorials/storybook/ng17-sb-taskbox/src/environments/environment.ts
[12:13:41] Including      : /Users/joheiss/dev/tutorials/storybook/ng17-sb-taskbox/src/stories/Button.stories.ts
[12:13:41] Including      : /Users/joheiss/dev/tutorials/storybook/ng17-sb-taskbox/src/stories/Header.stories.ts
[12:13:41] Excluding      : /Users/joheiss/dev/tutorials/storybook/ng17-sb-taskbox/src/stories/Introduction.mdx
[12:13:41] Including      : /Users/joheiss/dev/tutorials/storybook/ng17-sb-taskbox/src/stories/Page.stories.ts
[12:13:41] Including      : /Users/joheiss/dev/tutorials/storybook/ng17-sb-taskbox/src/stories/User.ts
[12:13:41] Including      : /Users/joheiss/dev/tutorials/storybook/ng17-sb-taskbox/src/stories/button.component.ts
[12:13:41] Excluding      : /Users/joheiss/dev/tutorials/storybook/ng17-sb-taskbox/src/stories/button.css
[12:13:41] Including      : /Users/joheiss/dev/tutorials/storybook/ng17-sb-taskbox/src/stories/header.component.ts
[12:13:41] Excluding      : /Users/joheiss/dev/tutorials/storybook/ng17-sb-taskbox/src/stories/header.css
[12:13:41] Including      : /Users/joheiss/dev/tutorials/storybook/ng17-sb-taskbox/src/stories/page.component.ts
[12:13:41] Excluding      : /Users/joheiss/dev/tutorials/storybook/ng17-sb-taskbox/src/stories/page.css
[12:13:41] Including      : /Users/joheiss/dev/tutorials/storybook/ng17-sb-taskbox/src/app/models/task.model.ts
[12:13:41] Including      : /Users/joheiss/dev/tutorials/storybook/ng17-sb-taskbox/src/app/state/task.state.ts
[12:13:41] Excluding      : /Users/joheiss/dev/tutorials/storybook/ng17-sb-taskbox/src/assets/font/OpenSans-Light-webfont.eot
[12:13:41] Excluding      : /Users/joheiss/dev/tutorials/storybook/ng17-sb-taskbox/src/assets/font/OpenSans-Light-webfont.svg
[12:13:41] Excluding      : /Users/joheiss/dev/tutorials/storybook/ng17-sb-taskbox/src/assets/font/OpenSans-Light-webfont.ttf
[12:13:41] Excluding      : /Users/joheiss/dev/tutorials/storybook/ng17-sb-taskbox/src/assets/font/OpenSans-Light-webfont.woff
[12:13:41] Excluding      : /Users/joheiss/dev/tutorials/storybook/ng17-sb-taskbox/src/assets/font/OpenSans-Regular-webfont.eot
[12:13:41] Excluding      : /Users/joheiss/dev/tutorials/storybook/ng17-sb-taskbox/src/assets/font/OpenSans-Regular-webfont.svg
[12:13:41] Excluding      : /Users/joheiss/dev/tutorials/storybook/ng17-sb-taskbox/src/assets/font/OpenSans-Regular-webfont.ttf
[12:13:41] Excluding      : /Users/joheiss/dev/tutorials/storybook/ng17-sb-taskbox/src/assets/font/OpenSans-Regular-webfont.woff
[12:13:41] Excluding      : /Users/joheiss/dev/tutorials/storybook/ng17-sb-taskbox/src/assets/icon/percolate.eot
[12:13:41] Excluding      : /Users/joheiss/dev/tutorials/storybook/ng17-sb-taskbox/src/assets/icon/percolate.svg
[12:13:41] Excluding      : /Users/joheiss/dev/tutorials/storybook/ng17-sb-taskbox/src/assets/icon/percolate.ttf
[12:13:41] Excluding      : /Users/joheiss/dev/tutorials/storybook/ng17-sb-taskbox/src/assets/icon/percolate.woff
[12:13:41] Excluding      : /Users/joheiss/dev/tutorials/storybook/ng17-sb-taskbox/src/stories/assets/code-brackets.svg
[12:13:41] Excluding      : /Users/joheiss/dev/tutorials/storybook/ng17-sb-taskbox/src/stories/assets/colors.svg
[12:13:41] Excluding      : /Users/joheiss/dev/tutorials/storybook/ng17-sb-taskbox/src/stories/assets/comments.svg
[12:13:41] Excluding      : /Users/joheiss/dev/tutorials/storybook/ng17-sb-taskbox/src/stories/assets/direction.svg
[12:13:41] Excluding      : /Users/joheiss/dev/tutorials/storybook/ng17-sb-taskbox/src/stories/assets/flow.svg
[12:13:41] Excluding      : /Users/joheiss/dev/tutorials/storybook/ng17-sb-taskbox/src/stories/assets/plugin.svg
[12:13:41] Excluding      : /Users/joheiss/dev/tutorials/storybook/ng17-sb-taskbox/src/stories/assets/repo.svg
[12:13:41] Excluding      : /Users/joheiss/dev/tutorials/storybook/ng17-sb-taskbox/src/stories/assets/stackalt.svg
[12:13:41] Excluding      : /Users/joheiss/dev/tutorials/storybook/ng17-sb-taskbox/src/app/components/inbox-screen/inbox-screen.component.css
[12:13:41] Excluding      : /Users/joheiss/dev/tutorials/storybook/ng17-sb-taskbox/src/app/components/inbox-screen/inbox-screen.component.html
[12:13:41] Including      : /Users/joheiss/dev/tutorials/storybook/ng17-sb-taskbox/src/app/components/inbox-screen/inbox-screen.component.ts
[12:13:41] Excluding      : /Users/joheiss/dev/tutorials/storybook/ng17-sb-taskbox/src/app/components/pure-task-list/pure-task-list.component.css
[12:13:41] Excluding      : /Users/joheiss/dev/tutorials/storybook/ng17-sb-taskbox/src/app/components/pure-task-list/pure-task-list.component.html
[12:13:41] Including      : /Users/joheiss/dev/tutorials/storybook/ng17-sb-taskbox/src/app/components/pure-task-list/pure-task-list.component.ts
[12:13:41] Including      : /Users/joheiss/dev/tutorials/storybook/ng17-sb-taskbox/src/app/components/pure-task-list/pure-task-list.stories.ts
[12:13:41] Excluding      : /Users/joheiss/dev/tutorials/storybook/ng17-sb-taskbox/src/app/components/pure-inbox-screen/pure-inbox-screen.component.css
[12:13:41] Excluding      : /Users/joheiss/dev/tutorials/storybook/ng17-sb-taskbox/src/app/components/pure-inbox-screen/pure-inbox-screen.component.html
[12:13:41] Including      : /Users/joheiss/dev/tutorials/storybook/ng17-sb-taskbox/src/app/components/pure-inbox-screen/pure-inbox-screen.component.ts
[12:13:41] Including      : /Users/joheiss/dev/tutorials/storybook/ng17-sb-taskbox/src/app/components/pure-inbox-screen/pure-inbox-screen.stories.ts
[12:13:41] Excluding      : /Users/joheiss/dev/tutorials/storybook/ng17-sb-taskbox/src/app/components/task/task.component.css
[12:13:41] Excluding      : /Users/joheiss/dev/tutorials/storybook/ng17-sb-taskbox/src/app/components/task/task.component.html
[12:13:41] Including      : /Users/joheiss/dev/tutorials/storybook/ng17-sb-taskbox/src/app/components/task/task.component.ts
[12:13:41] Including      : /Users/joheiss/dev/tutorials/storybook/ng17-sb-taskbox/src/app/components/task/task.stories.ts
[12:13:41] Excluding      : /Users/joheiss/dev/tutorials/storybook/ng17-sb-taskbox/src/app/components/task-list/task-list.component.css
[12:13:41] Excluding      : /Users/joheiss/dev/tutorials/storybook/ng17-sb-taskbox/src/app/components/task-list/task-list.component.html
[12:13:41] Including      : /Users/joheiss/dev/tutorials/storybook/ng17-sb-taskbox/src/app/components/task-list/task-list.component.ts
[12:13:41] Searching package.json file
[12:13:41] package.json file found
[12:13:41] Processing package.json dependencies
[12:13:41] Searching README.md, CHANGELOG.md, CONTRIBUTING.md, LICENSE.md, TODO.md files
[12:13:41] README.md file found
[12:13:41] Error during /Users/joheiss/dev/tutorials/storybook/ng17-sb-taskbox/CHANGELOG read
[12:13:41] Continuing without CHANGELOG.md file
[12:13:41] Error during /Users/joheiss/dev/tutorials/storybook/ng17-sb-taskbox/CONTRIBUTING read
[12:13:41] Continuing without CONTRIBUTING.md file
[12:13:41] LICENSE.md file found
[12:13:41] Error during /Users/joheiss/dev/tutorials/storybook/ng17-sb-taskbox/TODO read
[12:13:41] Continuing without TODO.md file
[12:13:41] Get dependencies data
[12:13:41] parsing        : /Users/joheiss/dev/tutorials/storybook/ng17-sb-taskbox/.storybook/preview.ts
[12:13:41] found          : preview
[12:13:41] parsing        : /Users/joheiss/dev/tutorials/storybook/ng17-sb-taskbox/src/main.ts
[12:13:41] parsing        : /Users/joheiss/dev/tutorials/storybook/ng17-sb-taskbox/src/polyfills.ts
[12:13:41] parsing        : /Users/joheiss/dev/tutorials/storybook/ng17-sb-taskbox/src/app/app.component.ts
[12:13:41] found          : AppComponent
[12:13:41]                : - imports:
[12:13:41]                : 	- CommonModule
[12:13:41]                : 	- InboxScreenComponent
[12:13:41] parsing        : /Users/joheiss/dev/tutorials/storybook/ng17-sb-taskbox/src/environments/environment.prod.ts
[12:13:41] found          : environment
[12:13:41] parsing        : /Users/joheiss/dev/tutorials/storybook/ng17-sb-taskbox/src/environments/environment.ts
[12:13:41] found          : environment
[12:13:41] parsing        : /Users/joheiss/dev/tutorials/storybook/ng17-sb-taskbox/src/stories/Button.stories.ts
[12:13:41] found          : meta
[12:13:41] found          : Story
[12:13:41] found          : Primary
[12:13:41] found          : Secondary
[12:13:41] found          : Large
[12:13:41] found          : Small
[12:13:41] parsing        : /Users/joheiss/dev/tutorials/storybook/ng17-sb-taskbox/src/stories/Header.stories.ts
[12:13:41] found          : meta
[12:13:41] found          : Story
[12:13:41] found          : LoggedIn
[12:13:41] found          : LoggedOut
[12:13:41] parsing        : /Users/joheiss/dev/tutorials/storybook/ng17-sb-taskbox/src/stories/Page.stories.ts
[12:13:41] found          : meta
[12:13:41] found          : Story
[12:13:41] found          : LoggedOut
[12:13:41] found          : LoggedIn
[12:13:41] parsing        : /Users/joheiss/dev/tutorials/storybook/ng17-sb-taskbox/src/stories/User.ts
[12:13:41] found          : User
[12:13:41] parsing        : /Users/joheiss/dev/tutorials/storybook/ng17-sb-taskbox/src/stories/button.component.ts
[12:13:41] found          : ButtonComponent
[12:13:41]                : - imports:
[12:13:41]                : 	- CommonModule
[12:13:41] parsing        : /Users/joheiss/dev/tutorials/storybook/ng17-sb-taskbox/src/stories/header.component.ts
[12:13:41] found          : HeaderComponent
[12:13:41] parsing        : /Users/joheiss/dev/tutorials/storybook/ng17-sb-taskbox/src/stories/page.component.ts
[12:13:41] found          : PageComponent
[12:13:41] parsing        : /Users/joheiss/dev/tutorials/storybook/ng17-sb-taskbox/src/app/models/task.model.ts
[12:13:41] found          : Task
[12:13:41] parsing        : /Users/joheiss/dev/tutorials/storybook/ng17-sb-taskbox/src/app/state/task.state.ts
[12:13:41] found          : actions
[12:13:41] found          : ArchiveTask
[12:13:41] found          : PinTask
[12:13:41] found          : AppError
[12:13:41] found          : defaultTasks
[12:13:41] found          : TaskStateModel
[12:13:41] found          : TasksState
[12:13:41] parsing        : /Users/joheiss/dev/tutorials/storybook/ng17-sb-taskbox/src/app/components/inbox-screen/inbox-screen.component.ts
[12:13:41] found          : InboxScreenComponent
[12:13:41]                : - imports:
[12:13:41]                : 	- CommonModule
[12:13:41]                : 	- PureInboxScreenComponent
[12:13:41] parsing        : /Users/joheiss/dev/tutorials/storybook/ng17-sb-taskbox/src/app/components/pure-task-list/pure-task-list.component.ts
[12:13:41] found          : PureTaskListComponent
[12:13:41]                : - imports:
[12:13:41]                : 	- CommonModule
[12:13:41]                : 	- TaskComponent
[12:13:41] parsing        : /Users/joheiss/dev/tutorials/storybook/ng17-sb-taskbox/src/app/components/pure-task-list/pure-task-list.stories.ts
[12:13:41] found          : meta
[12:13:41] found          : Story
[12:13:41] found          : Default
[12:13:41] found          : WithPinnedTasks
[12:13:41] found          : Loading
[12:13:41] found          : Empty
[12:13:41] parsing        : /Users/joheiss/dev/tutorials/storybook/ng17-sb-taskbox/src/app/components/pure-inbox-screen/pure-inbox-screen.component.ts
[12:13:41] found          : PureInboxScreenComponent
[12:13:41]                : - imports:
[12:13:41]                : 	- CommonModule
[12:13:41]                : 	- TaskListComponent
[12:13:41] parsing        : /Users/joheiss/dev/tutorials/storybook/ng17-sb-taskbox/src/app/components/pure-inbox-screen/pure-inbox-screen.stories.ts
[12:13:41] found          : meta
[12:13:41] found          : Story
[12:13:41] found          : Default
[12:13:41] found          : Error
[12:13:41] found          : WithInteractions
[12:13:41] parsing        : /Users/joheiss/dev/tutorials/storybook/ng17-sb-taskbox/src/app/components/task/task.component.ts
[12:13:41] found          : TaskComponent
[12:13:41] parsing        : /Users/joheiss/dev/tutorials/storybook/ng17-sb-taskbox/src/app/components/task/task.stories.ts
[12:13:41] found          : actionsData
[12:13:41] found          : meta
[12:13:41] found          : Story
[12:13:41] found          : Basic
[12:13:41] found          : Pinned
[12:13:41] found          : Archived
[12:13:41] parsing        : /Users/joheiss/dev/tutorials/storybook/ng17-sb-taskbox/src/app/components/task-list/task-list.component.ts
[12:13:41] found          : TaskListComponent
[12:13:41]                : - imports:
[12:13:41]                : 	- CommonModule
[12:13:41]                : 	- PureTaskListComponent
[12:13:41] -------------------
[12:13:41] Project statistics 
[12:13:41] - component  : 9
[12:13:41] - injectable : 1
[12:13:41] - class      : 3
[12:13:41] - interface  : 3
[12:13:41] -------------------
[12:13:41] Prepare components
[12:13:41]  AppComponent has a templateUrl, include it
[12:13:41]  AppComponent has styleUrls, include them
[12:13:41]  ButtonComponent has styleUrls, include them
[12:13:41]  HeaderComponent has styleUrls, include them
[12:13:41]  InboxScreenComponent has a templateUrl, include it
[12:13:41]  PageComponent has styleUrls, include them
[12:13:41]  PureInboxScreenComponent has a templateUrl, include it
[12:13:41]  PureTaskListComponent has a templateUrl, include it
[12:13:41]  TaskComponent has a templateUrl, include it
[12:13:41]  TaskListComponent has a templateUrl, include it
[12:13:41] Prepare modules
[12:13:41] Prepare injectables
[12:13:41] Prepare classes
[12:13:41] Prepare interfaces
[12:13:41] Prepare miscellaneous
[12:13:41] Process documentation coverage report
[12:13:41] Generating documentation in export format json
[12:13:41] Documentation generated in ./ in 0.165 seconds
info => Cleaning outputDir: /var/folders/gn/tg67cv612ll84k_04wyhb4l80000gn/T/chromatic--83873-W15Hl3JiNP00

info => Loading presets
info => Building manager..
info => Manager built (101 ms)
info => Building preview..
info => Copying static files: /Users/joheiss/dev/tutorials/storybook/ng17-sb-taskbox/node_modules/@storybook/manager/static at /var/folders/gn/tg67cv612ll84k_04wyhb4l80000gn/T/chromatic--83873-W15Hl3JiNP00/sb-common-assets
info Using Babel compiler
info Addon-docs: using MDX2
info => Using implicit CSS loaders
info => Using angular browser target options from "taskbox:build"
info => Using angular project with "tsConfig:/Users/joheiss/dev/tutorials/storybook/ng17-sb-taskbox/.storybook/tsconfig.json"
info => Using default Webpack5 setup
<s> [webpack.Progress] 0% 

<s> [webpack.Progress] 1% setup before run
<s> [webpack.Progress] 1% setup before run NodeEnvironmentPlugin
<s> [webpack.Progress] 1% setup before run
<s> [webpack.Progress] 2% setup run
<s> [webpack.Progress] 2% setup run
<s> [webpack.Progress] 4% setup normal module factory
<s> [webpack.Progress] 4% setup normal module factory CaseSensitivePathsPlugin
<s> [webpack.Progress] 4% setup normal module factory
<s> [webpack.Progress] 5% setup context module factory
<s> [webpack.Progress] 5% setup context module factory
<s> [webpack.Progress] 6% setup before compile
<s> [webpack.Progress] 6% setup before compile angular-compiler
<s> [webpack.Progress] 6% setup before compile ProgressPlugin
<s> [webpack.Progress] 6% setup before compile
<s> [webpack.Progress] 7% setup compile
<s> [webpack.Progress] 7% setup compile ExternalsPlugin
<s> [webpack.Progress] 7% setup compile ExternalsPlugin
<s> [webpack.Progress] 7% setup compile
<s> [webpack.Progress] 8% setup compilation
<s> [webpack.Progress] 8% setup compilation angular-occurrences-plugin
<s> [webpack.Progress] 8% setup compilation angular-compiler
<s> [webpack.Progress] 8% setup compilation styles-webpack-plugin
<s> [webpack.Progress] 8% setup compilation mini-css-extract-plugin
<s> [webpack.Progress] 8% setup compilation unplugin-csf
<s> [webpack.Progress] 8% setup compilation storybook-normalize-angular-entry-plugin
<s> [webpack.Progress] 8% setup compilation ArrayPushCallbackChunkFormatPlugin
<s> [webpack.Progress] 8% setup compilation JsonpChunkLoadingPlugin
<s> [webpack.Progress] 8% setup compilation StartupChunkDependenciesPlugin
<s> [webpack.Progress] 8% setup compilation ImportScriptsChunkLoadingPlugin
<s> [webpack.Progress] 8% setup compilation FetchCompileWasmPlugin
<s> [webpack.Progress] 8% setup compilation FetchCompileAsyncWasmPlugin
<s> [webpack.Progress] 8% setup compilation WorkerPlugin
<s> [webpack.Progress] 8% setup compilation SplitChunksPlugin
<s> [webpack.Progress] 8% setup compilation RuntimeChunkPlugin
<s> [webpack.Progress] 8% setup compilation ResolverCachePlugin
<s> [webpack.Progress] 8% setup compilation HtmlWebpackPlugin
<s> [webpack.Progress] 8% setup compilation
<s> [webpack.Progress] 9% setup compilation
<s> [webpack.Progress] 9% setup compilation named-chunks-plugin
<s> [webpack.Progress] 9% setup compilation DedupeModuleResolvePlugin
<s> [webpack.Progress] 9% setup compilation AnyComponentStyleBudgetChecker
<s> [webpack.Progress] 9% setup compilation mini-css-extract-plugin
<s> [webpack.Progress] 9% setup compilation SuppressExtractedTextChunks
<s> [webpack.Progress] 9% setup compilation DefinePlugin
<s> [webpack.Progress] 9% setup compilation ProvidePlugin
<s> [webpack.Progress] 9% setup compilation ProgressPlugin
<s> [webpack.Progress] 9% setup compilation ChunkPrefetchPreloadPlugin
<s> [webpack.Progress] 9% setup compilation SourceMapDevToolPlugin
<s> [webpack.Progress] 9% setup compilation JavascriptModulesPlugin
<s> [webpack.Progress] 9% setup compilation JsonModulesPlugin
<s> [webpack.Progress] 9% setup compilation AssetModulesPlugin
<s> [webpack.Progress] 9% setup compilation DynamicEntryPlugin
<s> [webpack.Progress] 9% setup compilation RuntimePlugin
<s> [webpack.Progress] 9% setup compilation InferAsyncModulesPlugin
<s> [webpack.Progress] 9% setup compilation DataUriPlugin
<s> [webpack.Progress] 9% setup compilation FileUriPlugin
<s> [webpack.Progress] 9% setup compilation CompatibilityPlugin
<s> [webpack.Progress] 9% setup compilation HarmonyModulesPlugin
<s> [webpack.Progress] 9% setup compilation AMDPlugin
<s> [webpack.Progress] 9% setup compilation RequireJsStuffPlugin
<s> [webpack.Progress] 9% setup compilation CommonJsPlugin
<s> [webpack.Progress] 9% setup compilation LoaderPlugin
<s> [webpack.Progress] 9% setup compilation LoaderPlugin
<s> [webpack.Progress] 9% setup compilation NodeStuffPlugin
<s> [webpack.Progress] 9% setup compilation APIPlugin
<s> [webpack.Progress] 9% setup compilation ExportsInfoApiPlugin
<s> [webpack.Progress] 9% setup compilation WebpackIsIncludedPlugin
<s> [webpack.Progress] 9% setup compilation ConstPlugin
<s> [webpack.Progress] 9% setup compilation UseStrictPlugin
<s> [webpack.Progress] 9% setup compilation RequireIncludePlugin
<s> [webpack.Progress] 9% setup compilation RequireEnsurePlugin
<s> [webpack.Progress] 9% setup compilation RequireContextPlugin
<s> [webpack.Progress] 9% setup compilation ImportPlugin
<s> [webpack.Progress] 9% setup compilation ImportMetaContextPlugin
<s> [webpack.Progress] 9% setup compilation SystemPlugin
<s> [webpack.Progress] 9% setup compilation ImportMetaPlugin
<s> [webpack.Progress] 9% setup compilation URLPlugin
<s> [webpack.Progress] 9% setup compilation DefaultStatsFactoryPlugin
<s> [webpack.Progress] 9% setup compilation DefaultStatsPresetPlugin
<s> [webpack.Progress] 9% setup compilation DefaultStatsPrinterPlugin
<s> [webpack.Progress] 9% setup compilation JavascriptMetaInfoPlugin
<s> [webpack.Progress] 9% setup compilation EnsureChunkConditionsPlugin
<s> [webpack.Progress] 9% setup compilation RemoveEmptyChunksPlugin
<s> [webpack.Progress] 9% setup compilation MergeDuplicateChunksPlugin
<s> [webpack.Progress] 9% setup compilation FlagIncludedChunksPlugin
<s> [webpack.Progress] 9% setup compilation SideEffectsFlagPlugin
<s> [webpack.Progress] 9% setup compilation FlagDependencyExportsPlugin
<s> [webpack.Progress] 9% setup compilation FlagDependencyUsagePlugin
<s> [webpack.Progress] 9% setup compilation InnerGraphPlugin
<s> [webpack.Progress] 9% setup compilation MangleExportsPlugin
<s> [webpack.Progress] 9% setup compilation ModuleConcatenationPlugin
<s> [webpack.Progress] 9% setup compilation NoEmitOnErrorsPlugin
<s> [webpack.Progress] 9% setup compilation RealContentHashPlugin
<s> [webpack.Progress] 9% setup compilation WasmFinalizeExportsPlugin
<s> [webpack.Progress] 9% setup compilation NamedModuleIdsPlugin
<s> [webpack.Progress] 9% setup compilation DeterministicChunkIdsPlugin
<s> [webpack.Progress] 9% setup compilation DefinePlugin
<s> [webpack.Progress] 9% setup compilation TerserPlugin
<s> [webpack.Progress] 9% setup compilation TemplatedPathPlugin
<s> [webpack.Progress] 9% setup compilation RecordIdsPlugin
<s> [webpack.Progress] 9% setup compilation WarnCaseSensitiveModulesPlugin
<s> [webpack.Progress] 9% setup compilation IgnoreWarningsPlugin
<s> [webpack.Progress] 9% setup compilation
<s> [webpack.Progress] 10% building
<s> [webpack.Progress] 10% building 0/1 entries 0/0 dependencies 0/0 modules
<s> [webpack.Progress] 10% building import loader ./node_modules/@angular-devkit/build-angular/src/tools/babel/webpack-loader.js
<s> [webpack.Progress] 10% building 0/4 entries 1/4 dependencies 0/1 modules
<s> [webpack.Progress] 10% building import loader ./node_modules/mini-css-extract-plugin/dist/loader.js
<s> [webpack.Progress] 10% building import loader ./node_modules/css-loader/dist/cjs.js
<s> [webpack.Progress] 10% building import loader ./node_modules/postcss-loader/dist/cjs.js
<s> [webpack.Progress] 10% building 0/4 entries 2/4 dependencies 0/2 modules
<s> [webpack.Progress] 10% building 0/4 entries 5/5 dependencies 1/5 modules
<s> [webpack.Progress] 23% building 1/4 entries 5/5 dependencies 1/5 modules
<s> [webpack.Progress] 32% building 2/4 entries 9/22 dependencies 5/9 modules
<s> [webpack.Progress] 37% building import loader ./node_modules/@ngtools/webpack/src/ivy/index.js
<s> [webpack.Progress] 37% building 2/4 entries 25/32 dependencies 5/25 modules
<s> [webpack.Progress] 46% building 3/4 entries 38/58 dependencies 10/29 modules
<s> [webpack.Progress] 51% building import loader ./node_modules/@storybook/builder-webpack5/dist/loaders/export-order-loader.js
<s> [webpack.Progress] 51% building import loader ./node_modules/unplugin/dist/webpack/loaders/transform.js
<s> [webpack.Progress] 51% building 3/4 entries 44/58 dependencies 13/32 modules
<s> [webpack.Progress] 51% building 3/4 entries 136/157 dependencies 28/80 modules
<s> [webpack.Progress] 51% building 3/4 entries 161/173 dependencies 40/85 modules
<s> [webpack.Progress] 51% building 3/4 entries 204/232 dependencies 49/92 modules
<s> [webpack.Progress] 51% building 3/4 entries 840/900 dependencies 69/474 modules
<s> [webpack.Progress] 51% building 3/4 entries 1433/1500 dependencies 104/548 modules
<s> [webpack.Progress] 51% building 3/4 entries 2038/2100 dependencies 270/606 modules
<s> [webpack.Progress] 51% building 3/4 entries 2280/2324 dependencies 500/671 modules
<s> [webpack.Progress] 51% building 3/4 entries 2586/2600 dependencies 648/783 modules
<s> [webpack.Progress] 65% building 4/4 entries 2908/2908 dependencies 863/863 modules
<s> [webpack.Progress] 65% building
<s> [webpack.Progress] 69% building finish
<s> [webpack.Progress] 69% building finish
<s> [webpack.Progress] 70% sealing finish module graph
<s> [webpack.Progress] 70% sealing finish module graph angular-compiler
<s> [webpack.Progress] 70% sealing finish module graph ResolverCachePlugin
<s> [webpack.Progress] 70% sealing finish module graph InferAsyncModulesPlugin
<s> [webpack.Progress] 70% sealing finish module graph FlagDependencyExportsPlugin
<s> [webpack.Progress] 70% sealing finish module graph InnerGraphPlugin
<s> [webpack.Progress] 70% sealing finish module graph WasmFinalizeExportsPlugin
<s> [webpack.Progress] 70% sealing finish module graph
<s> [webpack.Progress] 70% sealing plugins
<s> [webpack.Progress] 70% sealing plugins WarnCaseSensitiveModulesPlugin
<s> [webpack.Progress] 70% sealing plugins
<s> [webpack.Progress] 71% sealing dependencies optimization
<s> [webpack.Progress] 71% sealing dependencies optimization SideEffectsFlagPlugin
<s> [webpack.Progress] 71% sealing dependencies optimization FlagDependencyUsagePlugin
<s> [webpack.Progress] 71% sealing dependencies optimization
<s> [webpack.Progress] 71% sealing after dependencies optimization
<s> [webpack.Progress] 71% sealing after dependencies optimization
<s> [webpack.Progress] 72% sealing chunk graph
<s> [webpack.Progress] 72% sealing chunk graph
<s> [webpack.Progress] 73% sealing after chunk graph
<s> [webpack.Progress] 73% sealing after chunk graph
<s> [webpack.Progress] 73% sealing optimizing
<s> [webpack.Progress] 73% sealing optimizing
<s> [webpack.Progress] 74% sealing module optimization
<s> [webpack.Progress] 74% sealing module optimization
<s> [webpack.Progress] 75% sealing after module optimization
<s> [webpack.Progress] 75% sealing after module optimization
<s> [webpack.Progress] 75% sealing chunk optimization
<s> [webpack.Progress] 75% sealing chunk optimization EnsureChunkConditionsPlugin
<s> [webpack.Progress] 75% sealing chunk optimization RemoveEmptyChunksPlugin
<s> [webpack.Progress] 75% sealing chunk optimization MergeDuplicateChunksPlugin
<s> [webpack.Progress] 75% sealing chunk optimization SplitChunksPlugin
<s> [webpack.Progress] 75% sealing chunk optimization RemoveEmptyChunksPlugin
<s> [webpack.Progress] 75% sealing chunk optimization
<s> [webpack.Progress] 76% sealing after chunk optimization
<s> [webpack.Progress] 76% sealing after chunk optimization
<s> [webpack.Progress] 77% sealing module and chunk tree optimization
<s> [webpack.Progress] 77% sealing module and chunk tree optimization PersistentChildCompilerSingletonPlugin
<s> [webpack.Progress] 77% sealing module and chunk tree optimization
<s> [webpack.Progress] 77% sealing after module and chunk tree optimization
<s> [webpack.Progress] 77% sealing after module and chunk tree optimization
<s> [webpack.Progress] 78% sealing chunk modules optimization
<s> [webpack.Progress] 78% sealing chunk modules optimization ModuleConcatenationPlugin
<s> [webpack.Progress] 78% sealing chunk modules optimization
<s> [webpack.Progress] 78% sealing after chunk modules optimization
<s> [webpack.Progress] 78% sealing after chunk modules optimization
<s> [webpack.Progress] 79% sealing module reviving
<s> [webpack.Progress] 79% sealing module reviving RecordIdsPlugin
<s> [webpack.Progress] 79% sealing module reviving
<s> [webpack.Progress] 80% sealing before module ids
<s> [webpack.Progress] 80% sealing before module ids
<s> [webpack.Progress] 80% sealing module ids
<s> [webpack.Progress] 80% sealing module ids NamedModuleIdsPlugin
<s> [webpack.Progress] 80% sealing module ids
<s> [webpack.Progress] 81% sealing module id optimization
<s> [webpack.Progress] 81% sealing module id optimization
<s> [webpack.Progress] 82% sealing module id optimization
<s> [webpack.Progress] 82% sealing module id optimization
<s> [webpack.Progress] 82% sealing chunk reviving
<s> [webpack.Progress] 82% sealing chunk reviving RecordIdsPlugin
<s> [webpack.Progress] 82% sealing chunk reviving
<s> [webpack.Progress] 83% sealing before chunk ids
<s> [webpack.Progress] 83% sealing before chunk ids
<s> [webpack.Progress] 84% sealing chunk ids
<s> [webpack.Progress] 84% sealing chunk ids DeterministicChunkIdsPlugin
<s> [webpack.Progress] 84% sealing chunk ids
<s> [webpack.Progress] 84% sealing chunk id optimization
<s> [webpack.Progress] 84% sealing chunk id optimization FlagIncludedChunksPlugin
<s> [webpack.Progress] 84% sealing chunk id optimization
<s> [webpack.Progress] 85% sealing after chunk id optimization
<s> [webpack.Progress] 85% sealing after chunk id optimization
<s> [webpack.Progress] 86% sealing record modules
<s> [webpack.Progress] 86% sealing record modules RecordIdsPlugin
<s> [webpack.Progress] 86% sealing record modules
<s> [webpack.Progress] 86% sealing record chunks
<s> [webpack.Progress] 86% sealing record chunks RecordIdsPlugin
<s> [webpack.Progress] 86% sealing record chunks
<s> [webpack.Progress] 87% sealing module hashing
<s> [webpack.Progress] 87% sealing module hashing
<s> [webpack.Progress] 87% sealing code generation
<s> [webpack.Progress] 87% sealing code generation
<s> [webpack.Progress] 88% sealing runtime requirements
<s> [webpack.Progress] 88% sealing runtime requirements
<s> [webpack.Progress] 89% sealing hashing
<s> [webpack.Progress] 89% sealing hashing
<s> [webpack.Progress] 89% sealing after hashing
<s> [webpack.Progress] 89% sealing after hashing
<s> [webpack.Progress] 90% sealing record hash
<s> [webpack.Progress] 90% sealing record hash
<s> [webpack.Progress] 91% sealing module assets processing
<s> [webpack.Progress] 91% sealing module assets processing
<s> [webpack.Progress] 91% sealing chunk assets processing
<s> [webpack.Progress] 91% sealing chunk assets processing
<s> [webpack.Progress] 92% sealing asset processing
<s> [webpack.Progress] 92% sealing asset processing PersistentChildCompilerSingletonPlugin
<s> [webpack.Progress] 92% sealing asset processing TerserPlugin
<s> [webpack.Progress] 92% sealing asset processing SourceMapDevToolPlugin
<s> [webpack.Progress] 92% sealing asset processing SourceMapDevToolPlugin
<s> [webpack.Progress] 92% sealing asset processing SourceMapDevToolPlugin main.94d2821bb84d8f0b9cae.css generate SourceMap
<s> [webpack.Progress] 92% sealing asset processing SourceMapDevToolPlugin main.94d2821bb84d8f0b9cae.css generated SourceMap
<s> [webpack.Progress] 92% sealing asset processing SourceMapDevToolPlugin main.d1ea168c.iframe.bundle.js generate SourceMap
<s> [webpack.Progress] 92% sealing asset processing SourceMapDevToolPlugin main.d1ea168c.iframe.bundle.js generated SourceMap
<s> [webpack.Progress] 92% sealing asset processing SourceMapDevToolPlugin runtime~main.422c2886.iframe.bundle.js generate SourceMap
<s> [webpack.Progress] 92% sealing asset processing SourceMapDevToolPlugin runtime~main.422c2886.iframe.bundle.js generated SourceMap
<s> [webpack.Progress] 92% sealing asset processing SourceMapDevToolPlugin pure-inbox-screen-pure-inbox-screen-stories.dab1d6d2.iframe.bundle.js generate SourceMap
<s> [webpack.Progress] 92% sealing asset processing SourceMapDevToolPlugin pure-inbox-screen-pure-inbox-screen-stories.dab1d6d2.iframe.bundle.js generated SourceMap
<s> [webpack.Progress] 92% sealing asset processing SourceMapDevToolPlugin pure-task-list-pure-task-list-stories.b7549800.iframe.bundle.js generate SourceMap
<s> [webpack.Progress] 92% sealing asset processing SourceMapDevToolPlugin pure-task-list-pure-task-list-stories.b7549800.iframe.bundle.js generated SourceMap
<s> [webpack.Progress] 92% sealing asset processing SourceMapDevToolPlugin task-task-stories.101ea4d3.iframe.bundle.js generate SourceMap
<s> [webpack.Progress] 92% sealing asset processing SourceMapDevToolPlugin task-task-stories.101ea4d3.iframe.bundle.js generated SourceMap
<s> [webpack.Progress] 92% sealing asset processing SourceMapDevToolPlugin 493.136a0c6e.iframe.bundle.js generate SourceMap
<s> [webpack.Progress] 92% sealing asset processing SourceMapDevToolPlugin 493.136a0c6e.iframe.bundle.js generated SourceMap
<s> [webpack.Progress] 92% sealing asset processing SourceMapDevToolPlugin 433.e048ba36.iframe.bundle.js generate SourceMap
<s> [webpack.Progress] 92% sealing asset processing SourceMapDevToolPlugin 433.e048ba36.iframe.bundle.js generated SourceMap
<s> [webpack.Progress] 92% sealing asset processing SourceMapDevToolPlugin 195.abbac784.iframe.bundle.js generate SourceMap
<s> [webpack.Progress] 92% sealing asset processing SourceMapDevToolPlugin 195.abbac784.iframe.bundle.js generated SourceMap
<s> [webpack.Progress] 92% sealing asset processing SourceMapDevToolPlugin 21.af9e22b7.iframe.bundle.js generate SourceMap
<s> [webpack.Progress] 92% sealing asset processing SourceMapDevToolPlugin 21.af9e22b7.iframe.bundle.js generated SourceMap
<s> [webpack.Progress] 92% sealing asset processing SourceMapDevToolPlugin 288.6a953b0e.iframe.bundle.js generate SourceMap
<s> [webpack.Progress] 92% sealing asset processing SourceMapDevToolPlugin 288.6a953b0e.iframe.bundle.js generated SourceMap
<s> [webpack.Progress] 92% sealing asset processing SourceMapDevToolPlugin 841.fb16273b.iframe.bundle.js generate SourceMap
<s> [webpack.Progress] 92% sealing asset processing SourceMapDevToolPlugin 841.fb16273b.iframe.bundle.js generated SourceMap
<s> [webpack.Progress] 92% sealing asset processing SourceMapDevToolPlugin 40.46e791b5.iframe.bundle.js generate SourceMap
<s> [webpack.Progress] 92% sealing asset processing SourceMapDevToolPlugin 40.46e791b5.iframe.bundle.js generated SourceMap
<s> [webpack.Progress] 92% sealing asset processing SourceMapDevToolPlugin 117.22d9b0c9.iframe.bundle.js generate SourceMap
<s> [webpack.Progress] 92% sealing asset processing SourceMapDevToolPlugin 117.22d9b0c9.iframe.bundle.js generated SourceMap
<s> [webpack.Progress] 92% sealing asset processing SourceMapDevToolPlugin 922.becbe4a3.iframe.bundle.js generate SourceMap
<s> [webpack.Progress] 92% sealing asset processing SourceMapDevToolPlugin 922.becbe4a3.iframe.bundle.js generated SourceMap
<s> [webpack.Progress] 92% sealing asset processing SourceMapDevToolPlugin resolve sources
<s> [webpack.Progress] 92% sealing asset processing SourceMapDevToolPlugin 493.136a0c6e.iframe.bundle.js attach SourceMap
<s> [webpack.Progress] 92% sealing asset processing SourceMapDevToolPlugin 493.136a0c6e.iframe.bundle.js attached SourceMap
<s> [webpack.Progress] 92% sealing asset processing SourceMapDevToolPlugin 841.fb16273b.iframe.bundle.js attach SourceMap
<s> [webpack.Progress] 92% sealing asset processing SourceMapDevToolPlugin 841.fb16273b.iframe.bundle.js attached SourceMap
<s> [webpack.Progress] 92% sealing asset processing SourceMapDevToolPlugin 117.22d9b0c9.iframe.bundle.js attach SourceMap
<s> [webpack.Progress] 92% sealing asset processing SourceMapDevToolPlugin 117.22d9b0c9.iframe.bundle.js attached SourceMap
<s> [webpack.Progress] 92% sealing asset processing SourceMapDevToolPlugin 922.becbe4a3.iframe.bundle.js attach SourceMap
<s> [webpack.Progress] 92% sealing asset processing SourceMapDevToolPlugin 922.becbe4a3.iframe.bundle.js attached SourceMap
<s> [webpack.Progress] 92% sealing asset processing SourceMapDevToolPlugin
<s> [webpack.Progress] 92% sealing asset processing SourceMapDevToolPlugin
<s> [webpack.Progress] 92% sealing asset processing SourceMapDevToolPlugin resolve sources
<s> [webpack.Progress] 92% sealing asset processing SourceMapDevToolPlugin
<s> [webpack.Progress] 92% sealing asset processing HtmlWebpackPlugin
<s> [webpack.Progress] 92% sealing asset processing HtmlWebpackPlugin
<s> [webpack.Progress] 92% sealing asset processing HtmlWebpackPlugin resolve sources
<s> [webpack.Progress] 92% sealing asset processing HtmlWebpackPlugin
<s> [webpack.Progress] 92% sealing asset processing RealContentHashPlugin
<s> [webpack.Progress] 92% sealing asset processing RealContentHashPlugin
<s> [webpack.Progress] 92% sealing asset processing RealContentHashPlugin main.72b66c21c40c5a5549a1.css generate SourceMap
<s> [webpack.Progress] 92% sealing asset processing RealContentHashPlugin main.72b66c21c40c5a5549a1.css generated SourceMap
<s> [webpack.Progress] 92% sealing asset processing RealContentHashPlugin main.479df031.iframe.bundle.js generate SourceMap
<s> [webpack.Progress] 92% sealing asset processing RealContentHashPlugin main.479df031.iframe.bundle.js generated SourceMap
<s> [webpack.Progress] 92% sealing asset processing RealContentHashPlugin runtime~main.c7071ac4.iframe.bundle.js generate SourceMap
<s> [webpack.Progress] 92% sealing asset processing RealContentHashPlugin runtime~main.c7071ac4.iframe.bundle.js generated SourceMap
<s> [webpack.Progress] 92% sealing asset processing RealContentHashPlugin pure-inbox-screen-pure-inbox-screen-stories.031dde45.iframe.bundle.js generate SourceMap
<s> [webpack.Progress] 92% sealing asset processing RealContentHashPlugin pure-inbox-screen-pure-inbox-screen-stories.031dde45.iframe.bundle.js generated SourceMap
<s> [webpack.Progress] 92% sealing asset processing RealContentHashPlugin pure-task-list-pure-task-list-stories.28886865.iframe.bundle.js generate SourceMap
<s> [webpack.Progress] 92% sealing asset processing RealContentHashPlugin pure-task-list-pure-task-list-stories.28886865.iframe.bundle.js generated SourceMap
<s> [webpack.Progress] 92% sealing asset processing RealContentHashPlugin task-task-stories.f4468484.iframe.bundle.js generate SourceMap
<s> [webpack.Progress] 92% sealing asset processing RealContentHashPlugin task-task-stories.f4468484.iframe.bundle.js generated SourceMap
<s> [webpack.Progress] 92% sealing asset processing RealContentHashPlugin 195.6db1bc09.iframe.bundle.js generate SourceMap
<s> [webpack.Progress] 92% sealing asset processing RealContentHashPlugin 195.6db1bc09.iframe.bundle.js generated SourceMap
<s> [webpack.Progress] 92% sealing asset processing RealContentHashPlugin 21.c7e8d13f.iframe.bundle.js generate SourceMap
<s> [webpack.Progress] 92% sealing asset processing RealContentHashPlugin 21.c7e8d13f.iframe.bundle.js generated SourceMap
<s> [webpack.Progress] 92% sealing asset processing RealContentHashPlugin 288.c7790dc6.iframe.bundle.js generate SourceMap
<s> [webpack.Progress] 92% sealing asset processing RealContentHashPlugin 288.c7790dc6.iframe.bundle.js generated SourceMap
<s> [webpack.Progress] 92% sealing asset processing RealContentHashPlugin 40.82eb1f93.iframe.bundle.js generate SourceMap
<s> [webpack.Progress] 92% sealing asset processing RealContentHashPlugin 40.82eb1f93.iframe.bundle.js generated SourceMap
<s> [webpack.Progress] 92% sealing asset processing RealContentHashPlugin 433.102dfc1a.iframe.bundle.js generate SourceMap
<s> [webpack.Progress] 92% sealing asset processing RealContentHashPlugin 433.102dfc1a.iframe.bundle.js generated SourceMap
<s> [webpack.Progress] 92% sealing asset processing RealContentHashPlugin resolve sources
<s> [webpack.Progress] 92% sealing asset processing RealContentHashPlugin
<s> [webpack.Progress] 92% sealing asset processing angular-occurrences-plugin
<s> [webpack.Progress] 92% sealing asset processing AnyComponentStyleBudgetChecker
<s> [webpack.Progress] 92% sealing asset processing
<s> [webpack.Progress] 93% sealing after asset optimization
<s> [webpack.Progress] 93% sealing after asset optimization
<s> [webpack.Progress] 93% sealing recording
<s> [webpack.Progress] 93% sealing recording
<s> [webpack.Progress] 94% sealing after seal
<s> [webpack.Progress] 94% sealing after seal
<s> [webpack.Progress] 95% emitting emit
<s> [webpack.Progress] 95% emitting emit
<s> [webpack.Progress] 98% emitting after emit
<s> [webpack.Progress] 98% emitting after emit SizeLimitsPlugin
<s> [webpack.Progress] 98% emitting after emit
<s> [webpack.Progress] 99% done plugins
<s> [webpack.Progress] 99% done plugins CaseSensitivePathsPlugin
<s> [webpack.Progress] 99% done plugins
<s> [webpack.Progress] 99% 

<s> [webpack.Progress] 99% cache store build dependencies
<s> [webpack.Progress] 99% cache store build dependencies
<s> [webpack.Progress] 99% cache begin idle
<s> [webpack.Progress] 99% cache begin idle
<s> [webpack.Progress] 100% 

WARN /Users/joheiss/dev/tutorials/storybook/ng17-sb-taskbox/src/app/app.component.ts is part of the TypeScript compilation but it's unused.
WARN Add only entry points to the 'files' or 'include' properties in your tsconfig.
WARN /Users/joheiss/dev/tutorials/storybook/ng17-sb-taskbox/src/app/components/inbox-screen/inbox-screen.component.ts is part of the TypeScript compilation but it's unused.
WARN Add only entry points to the 'files' or 'include' properties in your tsconfig.
WARN /Users/joheiss/dev/tutorials/storybook/ng17-sb-taskbox/src/environments/environment.prod.ts is part of the TypeScript compilation but it's unused.
WARN Add only entry points to the 'files' or 'include' properties in your tsconfig.
WARN /Users/joheiss/dev/tutorials/storybook/ng17-sb-taskbox/src/environments/environment.ts is part of the TypeScript compilation but it's unused.
WARN Add only entry points to the 'files' or 'include' properties in your tsconfig.
WARN /Users/joheiss/dev/tutorials/storybook/ng17-sb-taskbox/src/main.ts is part of the TypeScript compilation but it's unused.
WARN Add only entry points to the 'files' or 'include' properties in your tsconfig.
WARN /Users/joheiss/dev/tutorials/storybook/ng17-sb-taskbox/src/polyfills.ts is part of the TypeScript compilation but it's unused.
WARN Add only entry points to the 'files' or 'include' properties in your tsconfig.
WARN /Users/joheiss/dev/tutorials/storybook/ng17-sb-taskbox/src/stories/Button.stories.ts is part of the TypeScript compilation but it's unused.
WARN Add only entry points to the 'files' or 'include' properties in your tsconfig.
WARN /Users/joheiss/dev/tutorials/storybook/ng17-sb-taskbox/src/stories/Header.stories.ts is part of the TypeScript compilation but it's unused.
WARN Add only entry points to the 'files' or 'include' properties in your tsconfig.
WARN /Users/joheiss/dev/tutorials/storybook/ng17-sb-taskbox/src/stories/Page.stories.ts is part of the TypeScript compilation but it's unused.
WARN Add only entry points to the 'files' or 'include' properties in your tsconfig.
WARN /Users/joheiss/dev/tutorials/storybook/ng17-sb-taskbox/src/stories/User.ts is part of the TypeScript compilation but it's unused.
WARN Add only entry points to the 'files' or 'include' properties in your tsconfig.
WARN /Users/joheiss/dev/tutorials/storybook/ng17-sb-taskbox/src/stories/button.component.ts is part of the TypeScript compilation but it's unused.
WARN Add only entry points to the 'files' or 'include' properties in your tsconfig.
WARN /Users/joheiss/dev/tutorials/storybook/ng17-sb-taskbox/src/stories/header.component.ts is part of the TypeScript compilation but it's unused.
WARN Add only entry points to the 'files' or 'include' properties in your tsconfig.
WARN /Users/joheiss/dev/tutorials/storybook/ng17-sb-taskbox/src/stories/page.component.ts is part of the TypeScript compilation but it's unused.
WARN Add only entry points to the 'files' or 'include' properties in your tsconfig.
WARN asset size limit: The following asset(s) exceed the recommended size limit (244 KiB).
WARN This can impact web performance.
WARN Assets: 
WARN   493.1f797d15.iframe.bundle.js (816 KiB)
WARN   433.102dfc1a.iframe.bundle.js (795 KiB)
WARN   841.2ddd4272.iframe.bundle.js (583 KiB)
WARN   117.ea137b6d.iframe.bundle.js (2.53 MiB)
WARN   922.88b61725.iframe.bundle.js (878 KiB)
WARN entrypoint size limit: The following entrypoint(s) combined asset size exceeds the recommended limit (244 KiB). This can impact web performance.
WARN Entrypoints:
WARN   main (2.64 MiB)
WARN       runtime~main.c7071ac4.iframe.bundle.js
WARN       117.ea137b6d.iframe.bundle.js
WARN       main.72b66c21c40c5a5549a1.css
WARN       main.479df031.iframe.bundle.js
WARN 
<s> [webpack.Progress] 99% cache shutdown
<s> [webpack.Progress] 99% cache shutdown
<s> [webpack.Progress] 100% 

info => Preview built (21 s)
info => Output directory: /var/folders/gn/tg67cv612ll84k_04wyhb4l80000gn/T/chromatic--83873-W15Hl3JiNP00
